[13:22:11] [ServerMain/INFO]: Environment: Environment[sessionHost=https://sessionserver.mojang.com, servicesHost=https://api.minecraftservices.com, name=PROD]
[13:22:12] [ServerMain/INFO]: Loaded 1290 recipes
[13:22:13] [ServerMain/INFO]: Loaded 1399 advancements
[13:22:13] [Server thread/INFO]: Starting minecraft server version 1.21.1
[13:22:13] [Server thread/INFO]: Loading properties
[13:22:13] [Server thread/INFO]: Default game type: SURVIVAL
[13:22:13] [Server thread/INFO]: Generating keypair
[13:22:13] [Server thread/INFO]: Starting Minecraft server on *:25565
[13:22:13] [Server thread/INFO]: Using epoll channel type
[13:22:13] [Server thread/WARN]: **** SERVER IS RUNNING IN OFFLINE/INSECURE MODE!
[13:22:13] [Server thread/WARN]: The server will make no attempt to authenticate usernames. Beware.
[13:22:13] [Server thread/WARN]: While this makes the game possible to play without internet access, it also opens up the ability for hackers to connect with any username they choose.
[13:22:13] [Server thread/WARN]: To change this, set "online-mode" to "true" in the server.properties file.
[13:22:13] [Server thread/INFO]: Preparing level "world"
[13:22:17] [Server thread/INFO]: Preparing start region for dimension minecraft:overworld
[13:22:17] [Worker-Main-2/INFO]: Preparing spawn area: 0%
[13:22:17] [Server thread/INFO]: Time elapsed: 413 ms
[13:22:17] [Server thread/INFO]: Done (3.895s)! For help, type "help"
[13:23:04] [Server thread/INFO]: Noxxxx[/127.7.131.112:50449] logged in with entity id 82 at (-57.5, 64.0, -49.5)
[13:23:04] [Server thread/INFO]: Noxxxx joined the game
[13:23:16] [Server thread/INFO]: Noxxxx lost connection: Disconnected
[13:23:16] [Server thread/INFO]: Noxxxx left the game
[13:25:11] [Server thread/INFO]: Noxxx[/127.7.131.112:36799] logged in with entity id 270 at (-71.5, 64.0, -52.5)
[13:25:11] [Server thread/INFO]: Noxxx joined the game
[13:29:06] [Server thread/INFO]: Made Noxxx a server operator
[13:29:16] [Server thread/INFO]: [Noxxx: Set the time to 1000]
[13:29:46] [Server thread/INFO]: Noxxx has made the advancement [Stone Age]
[13:31:01] [Server thread/INFO]: Noxxx fell from a high place
